[INFO] Scanning for projects...
[INFO] ------------------------------------------------------------------------
[INFO] Building Unnamed - sql-assistant:completion:jar:1.12.1-SNAPSHOT
[INFO]    task-segment: [clean, install]
[INFO] ------------------------------------------------------------------------
[INFO] [clean:clean {execution: default-clean}]
[INFO] Deleting file set: /home/sky/GitHub/code-assistant-linux-v12/completion/target (included: [**], excluded: [])
[INFO] [processor:process {execution: process}]
[ERROR] diagnostic: /home/sky/GitHub/code-assistant-linux-v12/completion/src/main/java/com/deepsky/lang/plsql/completion/MyCompletionContributor.java:31: error: cannot find symbol
import com.deepsky.lang.plsql.completion.syntaxTreePath.generated.CompletionProcessor2;
                                                                 ^
  symbol:   class CompletionProcessor2
  location: package com.deepsky.lang.plsql.completion.syntaxTreePath.generated
[WARNING] diagnostic: warning: File for type 'com.deepsky.lang.plsql.completion.syntaxTreePath.generated.CompletionProcessor2' created in the last round will not be subject to annotation processing.
[INFO] [resources:resources {execution: default-resources}]
[WARNING] Using platform encoding (UTF-8 actually) to copy filtered resources, i.e. build is platform dependent!
[INFO] Copying 0 resource
[INFO] [compiler:compile {execution: default-compile}]
[INFO] Changes detected - recompiling the module!
[WARNING] File encoding has not been set, using platform encoding UTF-8, i.e. build is platform dependent!
[INFO] Compiling 32 source files to /home/sky/GitHub/code-assistant-linux-v12/completion/target/classes
[WARNING] /home/sky/GitHub/code-assistant-linux-v12/completion/src/main/java/com/deepsky/lang/plsql/completion/MyCompletionContributor.java: /home/sky/GitHub/code-assistant-linux-v12/completion/src/main/java/com/deepsky/lang/plsql/completion/MyCompletionContributor.java uses or overrides a deprecated API.
[WARNING] /home/sky/GitHub/code-assistant-linux-v12/completion/src/main/java/com/deepsky/lang/plsql/completion/MyCompletionContributor.java: Recompile with -Xlint:deprecation for details.
[WARNING] /home/sky/GitHub/code-assistant-linux-v12/completion/src/main/java/com/deepsky/lang/plsql/completion/MyCompletionContributor.java: Some input files use unchecked or unsafe operations.
[WARNING] /home/sky/GitHub/code-assistant-linux-v12/completion/src/main/java/com/deepsky/lang/plsql/completion/MyCompletionContributor.java: Recompile with -Xlint:unchecked for details.
[INFO] [resources:testResources {execution: default-testResources}]
[WARNING] Using platform encoding (UTF-8 actually) to copy filtered resources, i.e. build is platform dependent!
[INFO] skip non existing resourceDirectory /home/sky/GitHub/code-assistant-linux-v12/completion/src/test/resources
[INFO] [compiler:testCompile {execution: default-testCompile}]
[INFO] Changes detected - recompiling the module!
[WARNING] File encoding has not been set, using platform encoding UTF-8, i.e. build is platform dependent!
[INFO] Compiling 25 source files to /home/sky/GitHub/code-assistant-linux-v12/completion/target/test-classes
[INFO] [surefire:test {execution: default-test}]
[INFO] Surefire report directory: /home/sky/GitHub/code-assistant-linux-v12/completion/target/surefire-reports

-------------------------------------------------------
 T E S T S
-------------------------------------------------------
Running com.deepsky.lang.plsql.completion.GenericProcessorTest
---   <caret> 
FILE
  PLSQL:ERROR_TOKEN_A
    PLSQL:IDENTIFIER
###  Restored tree:
PLSQL:ERROR_TOKEN_A
  PLSQL:IDENTIFIER

Time spent: 22
---  se<caret>
FILE
  PLSQL:ERROR_TOKEN_A
    PLSQL:IDENTIFIER
###  Restored tree:
PLSQL:ERROR_TOKEN_A
  PLSQL:IDENTIFIER

Time spent: 1
---  select 1 from dual;
--- create table abc( id number);
 <caret> 
FILE
  PLSQL:SELECT_EXPRESSION
    PLSQL:SELECT
    PLSQL:EXPR_COLUMN
      PLSQL:NUMERIC_LITERAL
        PLSQL:NUMBER
    PLSQL:TABLE_REFERENCE_LIST_FROM
      PLSQL:FROM
      PLSQL:TABLE_ALIAS
        PLSQL:TABLE_REF
          PLSQL:IDENTIFIER
  PLSQL:SEMI
  PLSQL:LF
  PLSQL:SL_COMMENT
  PLSQL:LF
  PLSQL:ERROR_TOKEN_A
    PLSQL:IDENTIFIER
###  Restored tree:
PLSQL:SELECT_EXPRESSION
PLSQL:SEMI
PLSQL:SL_COMMENT
PLSQL:ERROR_TOKEN_A
  PLSQL:IDENTIFIER

Time spent: 7
---  select 1 from dual;
 create table abc( id number);
 <caret> 
FILE
  PLSQL:SELECT_EXPRESSION
    PLSQL:SELECT
    PLSQL:EXPR_COLUMN
      PLSQL:NUMERIC_LITERAL
        PLSQL:NUMBER
    PLSQL:TABLE_REFERENCE_LIST_FROM
      PLSQL:FROM
      PLSQL:TABLE_ALIAS
        PLSQL:TABLE_REF
          PLSQL:IDENTIFIER
  PLSQL:SEMI
  PLSQL:LF
  PLSQL:ERROR_TOKEN_A
    PLSQL:CREATE
    PLSQL:TABLE
    PLSQL:TABLE_NAME_DDL
      PLSQL:IDENTIFIER
    PLSQL:OPEN_PAREN
    PLSQL:COLUMN_DEF
      PLSQL:COLUMN_NAME_DDL
        PLSQL:ID
      PLSQL:DATATYPE
        PLSQL:NUMBER
    PLSQL:CLOSE_PAREN
    PLSQL:SEMI
    PLSQL:LF
    PLSQL:IDENTIFIER
###  Restored tree:
PLSQL:SELECT_EXPRESSION
PLSQL:SEMI
PLSQL:ERROR_TOKEN_A
  PLSQL:CREATE
  PLSQL:TABLE
  PLSQL:TABLE_NAME_DDL
  PLSQL:OPEN_PAREN
  PLSQL:COLUMN_DEF
  PLSQL:CLOSE_PAREN
  PLSQL:SEMI
  PLSQL:IDENTIFIER

Time spent: 6
---  -- select 1 from dual;
--- create table abc( id number);
 <caret> 
FILE
  PLSQL:SL_COMMENT
  PLSQL:LF
  PLSQL:SL_COMMENT
  PLSQL:LF
  PLSQL:ERROR_TOKEN_A
    PLSQL:IDENTIFIER
###  Restored tree:
PLSQL:SL_COMMENT
PLSQL:SL_COMMENT
PLSQL:ERROR_TOKEN_A
  PLSQL:IDENTIFIER

Time spent: 2
---   create table abc( id number);
 <caret> 
FILE
  PLSQL:ERROR_TOKEN_A
    PLSQL:CREATE
    PLSQL:TABLE
    PLSQL:TABLE_NAME_DDL
      PLSQL:IDENTIFIER
    PLSQL:OPEN_PAREN
    PLSQL:COLUMN_DEF
      PLSQL:COLUMN_NAME_DDL
        PLSQL:ID
      PLSQL:DATATYPE
        PLSQL:NUMBER
    PLSQL:CLOSE_PAREN
    PLSQL:SEMI
    PLSQL:LF
    PLSQL:IDENTIFIER
###  Restored tree:
PLSQL:ERROR_TOKEN_A
  PLSQL:CREATE
  PLSQL:TABLE
  PLSQL:TABLE_NAME_DDL
  PLSQL:OPEN_PAREN
  PLSQL:COLUMN_DEF
  PLSQL:CLOSE_PAREN
  PLSQL:SEMI
  PLSQL:IDENTIFIER

Time spent: 1
---  -- create table abc( id number);
 <caret> 
FILE
  PLSQL:SL_COMMENT
  PLSQL:LF
  PLSQL:ERROR_TOKEN_A
    PLSQL:IDENTIFIER
###  Restored tree:
PLSQL:SL_COMMENT
PLSQL:ERROR_TOKEN_A
  PLSQL:IDENTIFIER

Time spent: 1
---  create table abc( id number)
 create sequence te_seq INCREMENT BY 2;
 <caret> 
FILE
  PLSQL:TABLE_DEF
    PLSQL:CREATE
    PLSQL:TABLE
    PLSQL:TABLE_NAME_DDL
      PLSQL:IDENTIFIER
    PLSQL:OPEN_PAREN
    PLSQL:COLUMN_DEF
      PLSQL:COLUMN_NAME_DDL
        PLSQL:ID
      PLSQL:DATATYPE
        PLSQL:NUMBER
    PLSQL:CLOSE_PAREN
  PLSQL:LF
  PLSQL:ERROR_TOKEN_A
    PLSQL:CREATE
    PLSQL:SEQUENCE
    PLSQL:SEQUENCE_NAME
      PLSQL:IDENTIFIER
    PLSQL:INCREMENT
    PLSQL:BY
    PLSQL:NUMERIC_LITERAL
      PLSQL:NUMBER
    PLSQL:SEMI
    PLSQL:LF
    PLSQL:IDENTIFIER
###  Restored tree:
PLSQL:TABLE_DEF
PLSQL:ERROR_TOKEN_A
  PLSQL:CREATE
  PLSQL:SEQUENCE
  PLSQL:SEQUENCE_NAME
  PLSQL:INCREMENT
  PLSQL:BY
  PLSQL:NUMERIC_LITERAL
  PLSQL:SEMI
  PLSQL:IDENTIFIER

Time spent: 8
---  create table abc( id number)
 create sequence te_seq INCREMENT BY 2
 <caret> 
FILE
  PLSQL:TABLE_DEF
    PLSQL:CREATE
    PLSQL:TABLE
    PLSQL:TABLE_NAME_DDL
      PLSQL:IDENTIFIER
    PLSQL:OPEN_PAREN
    PLSQL:COLUMN_DEF
      PLSQL:COLUMN_NAME_DDL
        PLSQL:ID
      PLSQL:DATATYPE
        PLSQL:NUMBER
    PLSQL:CLOSE_PAREN
  PLSQL:LF
  PLSQL:ERROR_TOKEN_A
    PLSQL:CREATE
    PLSQL:SEQUENCE
    PLSQL:SEQUENCE_NAME
      PLSQL:IDENTIFIER
    PLSQL:INCREMENT
    PLSQL:BY
    PLSQL:NUMERIC_LITERAL
      PLSQL:NUMBER
    PLSQL:LF
    PLSQL:IDENTIFIER
###  Restored tree:
PLSQL:TABLE_DEF
PLSQL:ERROR_TOKEN_A
  PLSQL:CREATE
  PLSQL:SEQUENCE
  PLSQL:SEQUENCE_NAME
  PLSQL:INCREMENT
  PLSQL:BY
  PLSQL:NUMERIC_LITERAL
  PLSQL:IDENTIFIER

Time spent: 1
---  create table abc( id number)
 alter table tab1 add name varchar2(20)
 <caret> 
FILE
  PLSQL:TABLE_DEF
    PLSQL:CREATE
    PLSQL:TABLE
    PLSQL:TABLE_NAME_DDL
      PLSQL:IDENTIFIER
    PLSQL:OPEN_PAREN
    PLSQL:COLUMN_DEF
      PLSQL:COLUMN_NAME_DDL
        PLSQL:ID
      PLSQL:DATATYPE
        PLSQL:NUMBER
    PLSQL:CLOSE_PAREN
  PLSQL:LF
  PLSQL:ERROR_TOKEN_A
    PLSQL:ALTER_TABLE
      PLSQL:ALTER
      PLSQL:TABLE
      PLSQL:TABLE_REF
        PLSQL:IDENTIFIER
      PLSQL:ADD
      PLSQL:A_COLUMN_DEF
        PLSQL:COLUMN_NAME_DDL
          PLSQL:NAME
        PLSQL:DATATYPE
          PLSQL:VARCHAR2
          PLSQL:OPEN_PAREN
          PLSQL:NUMBER
          PLSQL:CLOSE_PAREN
      PLSQL:LF
    PLSQL:IDENTIFIER
###  Restored tree:
PLSQL:TABLE_DEF
PLSQL:ERROR_TOKEN_A
  PLSQL:ALTER_TABLE
  PLSQL:IDENTIFIER

Time spent: 2
---  create table abc( id number)
 alter table tab1 add name varchar2(20);
 <caret> 
FILE
  PLSQL:TABLE_DEF
    PLSQL:CREATE
    PLSQL:TABLE
    PLSQL:TABLE_NAME_DDL
      PLSQL:IDENTIFIER
    PLSQL:OPEN_PAREN
    PLSQL:COLUMN_DEF
      PLSQL:COLUMN_NAME_DDL
        PLSQL:ID
      PLSQL:DATATYPE
        PLSQL:NUMBER
    PLSQL:CLOSE_PAREN
  PLSQL:LF
  PLSQL:ERROR_TOKEN_A
    PLSQL:ALTER_TABLE
      PLSQL:ALTER
      PLSQL:TABLE
      PLSQL:TABLE_REF
        PLSQL:IDENTIFIER
      PLSQL:ADD
      PLSQL:A_COLUMN_DEF
        PLSQL:COLUMN_NAME_DDL
          PLSQL:NAME
        PLSQL:DATATYPE
          PLSQL:VARCHAR2
          PLSQL:OPEN_PAREN
          PLSQL:NUMBER
          PLSQL:CLOSE_PAREN
      PLSQL:SEMI
    PLSQL:LF
    PLSQL:IDENTIFIER
###  Restored tree:
PLSQL:TABLE_DEF
PLSQL:ERROR_TOKEN_A
  PLSQL:ALTER_TABLE
  PLSQL:IDENTIFIER

Time spent: 2
---  create table abc( id number)
 delete from tab2 where id > 67
 <caret> 
FILE
  PLSQL:TABLE_DEF
    PLSQL:CREATE
    PLSQL:TABLE
    PLSQL:TABLE_NAME_DDL
      PLSQL:IDENTIFIER
    PLSQL:OPEN_PAREN
    PLSQL:COLUMN_DEF
      PLSQL:COLUMN_NAME_DDL
        PLSQL:ID
      PLSQL:DATATYPE
        PLSQL:NUMBER
    PLSQL:CLOSE_PAREN
  PLSQL:LF
  PLSQL:ERROR_TOKEN_A
    PLSQL:DELETE
    PLSQL:FROM
    PLSQL:TABLE_ALIAS
      PLSQL:TABLE_REF
        PLSQL:IDENTIFIER
    PLSQL:WHERE_CONDITION
      PLSQL:WHERE
      PLSQL:RELATION_CONDITION
        PLSQL:VAR_REF
          PLSQL:NAME_FRAGMENT
            PLSQL:ID
        PLSQL:RELATION_OP
          PLSQL:GT
        PLSQL:NUMERIC_LITERAL
          PLSQL:NUMBER
        PLSQL:LF
    PLSQL:IDENTIFIER
###  Restored tree:
PLSQL:TABLE_DEF
PLSQL:ERROR_TOKEN_A
  PLSQL:DELETE
  PLSQL:FROM
  PLSQL:TABLE_ALIAS
  PLSQL:WHERE_CONDITION
  PLSQL:IDENTIFIER

Time spent: 4
Tests run: 12, Failures: 0, Errors: 0, Skipped: 0, Time elapsed: 0.554 sec
Running com.deepsky.lang.plsql.completion.DeleteStmtProcessorTest
---  create table abc( id number)
 delete from tab2
 <caret> 
FILE
  PLSQL:TABLE_DEF
    PLSQL:CREATE
    PLSQL:TABLE
    PLSQL:TABLE_NAME_DDL
      PLSQL:IDENTIFIER
    PLSQL:OPEN_PAREN
    PLSQL:COLUMN_DEF
      PLSQL:COLUMN_NAME_DDL
        PLSQL:ID
      PLSQL:DATATYPE
        PLSQL:NUMBER
    PLSQL:CLOSE_PAREN
  PLSQL:LF
  PLSQL:DELETE_COMMAND
    PLSQL:DELETE
    PLSQL:FROM
    PLSQL:TABLE_ALIAS
      PLSQL:TABLE_REF
        PLSQL:IDENTIFIER
      PLSQL:LF
      PLSQL:ALIAS_NAME
        PLSQL:ALIAS_IDENT
          PLSQL:IDENTIFIER
###  Restored tree:
PLSQL:TABLE_DEF
PLSQL:DELETE_COMMAND
  PLSQL:DELETE
  PLSQL:FROM
  PLSQL:TABLE_ALIAS
    PLSQL:TABLE_REF
    PLSQL:ALIAS_NAME
      PLSQL:ALIAS_IDENT
        PLSQL:IDENTIFIER

Time spent: 2
Tests run: 1, Failures: 1, Errors: 0, Skipped: 0, Time elapsed: 0.021 sec <<< FAILURE!
Running com.deepsky.lang.plsql.completion.DDLProcessorTest
---   create table abc( id number)
 <caret> 
FILE
  PLSQL:TABLE_DEF
    PLSQL:CREATE
    PLSQL:ERROR_TOKEN_A
      PLSQL:TABLE
      PLSQL:TABLE_NAME_DDL
        PLSQL:IDENTIFIER
      PLSQL:OPEN_PAREN
      PLSQL:COLUMN_DEF
        PLSQL:COLUMN_NAME_DDL
          PLSQL:ID
        PLSQL:DATATYPE
          PLSQL:NUMBER
      PLSQL:CLOSE_PAREN
      PLSQL:LF
      PLSQL:IDENTIFIER
###  Restored tree:
PLSQL:TABLE_DEF
  PLSQL:CREATE
  PLSQL:ERROR_TOKEN_A
    PLSQL:TABLE
    PLSQL:TABLE_NAME_DDL
    PLSQL:OPEN_PAREN
    PLSQL:COLUMN_DEF
    PLSQL:CLOSE_PAREN
    PLSQL:IDENTIFIER

Time spent: 1
---  create sequence te_seq;
 create table abc( id number)
 <caret> 
FILE
  PLSQL:CREATE_SEQUENCE
    PLSQL:CREATE
    PLSQL:SEQUENCE
    PLSQL:SEQUENCE_NAME
      PLSQL:IDENTIFIER
    PLSQL:SEMI
  PLSQL:LF
  PLSQL:TABLE_DEF
    PLSQL:CREATE
    PLSQL:ERROR_TOKEN_A
      PLSQL:TABLE
      PLSQL:TABLE_NAME_DDL
        PLSQL:IDENTIFIER
      PLSQL:OPEN_PAREN
      PLSQL:COLUMN_DEF
        PLSQL:COLUMN_NAME_DDL
          PLSQL:ID
        PLSQL:DATATYPE
          PLSQL:NUMBER
      PLSQL:CLOSE_PAREN
      PLSQL:LF
      PLSQL:IDENTIFIER
###  Restored tree:
PLSQL:CREATE_SEQUENCE
PLSQL:TABLE_DEF
  PLSQL:CREATE
  PLSQL:ERROR_TOKEN_A
    PLSQL:TABLE
    PLSQL:TABLE_NAME_DDL
    PLSQL:OPEN_PAREN
    PLSQL:COLUMN_DEF
    PLSQL:CLOSE_PAREN
    PLSQL:IDENTIFIER

Time spent: 3
---  create table abc( id number)
 create sequence te_seq
 <caret> 
FILE
  PLSQL:TABLE_DEF
    PLSQL:CREATE
    PLSQL:TABLE
    PLSQL:TABLE_NAME_DDL
      PLSQL:IDENTIFIER
    PLSQL:OPEN_PAREN
    PLSQL:COLUMN_DEF
      PLSQL:COLUMN_NAME_DDL
        PLSQL:ID
      PLSQL:DATATYPE
        PLSQL:NUMBER
    PLSQL:CLOSE_PAREN
  PLSQL:LF
  PLSQL:CREATE_SEQUENCE
    PLSQL:CREATE
    PLSQL:ERROR_TOKEN_A
      PLSQL:SEQUENCE
      PLSQL:IDENTIFIER
      PLSQL:LF
      PLSQL:IDENTIFIER
###  Restored tree:
PLSQL:TABLE_DEF
PLSQL:CREATE_SEQUENCE
  PLSQL:CREATE
  PLSQL:ERROR_TOKEN_A
    PLSQL:SEQUENCE
    PLSQL:IDENTIFIER
    PLSQL:IDENTIFIER

Time spent: 1
Tests run: 3, Failures: 0, Errors: 0, Skipped: 0, Time elapsed: 0.04 sec
Running com.deepsky.lang.plsql.completion.legacy.logic.TreePathImplTest
Tests run: 1, Failures: 0, Errors: 0, Skipped: 0, Time elapsed: 0.001 sec
Running com.deepsky.lang.plsql.completion.legacy.structures.BSTTest
InOrder --------------
1
2
5
8
10
11
17
19
21
PreOrder --------------
8
2
1
5
11
10
19
17
21
PostOrder --------------
1
5
2
10
17
21
19
11
8
Tests run: 3, Failures: 0, Errors: 0, Skipped: 0, Time elapsed: 0.047 sec
Running com.deepsky.lang.plsql.completion.SyntaxErrorResolverTest
---  grant creat<caret>
FILE
  PLSQL:GRANT_COMMAND
    PLSQL:ERROR_TOKEN_A
      PLSQL:GRANT
      PLSQL:IDENTIFIER
###  Restored tree:
PLSQL:GRANT_COMMAND
  PLSQL:GRANT
  PLSQL:IDENTIFIER

---  grant create session to boss<caret>
FILE
  PLSQL:GRANT_COMMAND
    PLSQL:GRANT
    PLSQL:SYSTEM_PRIVILEGE
      PLSQL:CREATE
      PLSQL:SESSION
    PLSQL:TO
    PLSQL:USER_NAME
      PLSQL:IDENTIFIER
###  Restored tree:
PLSQL:GRANT_COMMAND
  PLSQL:GRANT
  PLSQL:SYSTEM_PRIVILEGE
  PLSQL:TO
  PLSQL:USER_NAME
    PLSQL:IDENTIFIER

---  select * grant create session toi<caret>
FILE
  PLSQL:ERROR_TOKEN_A
    PLSQL:SELECT
    PLSQL:ASTERISK
  PLSQL:GRANT_COMMAND
    PLSQL:GRANT
    PLSQL:ERROR_TOKEN_A
      PLSQL:SYSTEM_PRIVILEGE
        PLSQL:CREATE
        PLSQL:SESSION
      PLSQL:IDENTIFIER
###  Restored tree:
PLSQL:GRANT_COMMAND
  PLSQL:GRANT
  PLSQL:SYSTEM_PRIVILEGE
  PLSQL:IDENTIFIER

---  create table grant create se<caret>
FILE
  PLSQL:ERROR_TOKEN_A
    PLSQL:CREATE
    PLSQL:TABLE
  PLSQL:ERROR_TOKEN_A
    PLSQL:ERROR_TOKEN_A
      PLSQL:GRANT
      PLSQL:CREATE
    PLSQL:IDENTIFIER
###  Restored tree:
PLSQL:GRANT
PLSQL:CREATE
PLSQL:IDENTIFIER

---  create table a (d int) grant creat<caret>
FILE
  PLSQL:TABLE_DEF
    PLSQL:CREATE
    PLSQL:TABLE
    PLSQL:TABLE_NAME_DDL
      PLSQL:IDENTIFIER
    PLSQL:OPEN_PAREN
    PLSQL:COLUMN_DEF
      PLSQL:COLUMN_NAME_DDL
        PLSQL:IDENTIFIER
      PLSQL:DATATYPE
        PLSQL:INT
    PLSQL:CLOSE_PAREN
  PLSQL:GRANT_COMMAND
    PLSQL:ERROR_TOKEN_A
      PLSQL:GRANT
      PLSQL:IDENTIFIER
###  Restored tree:
PLSQL:GRANT_COMMAND
  PLSQL:GRANT
  PLSQL:IDENTIFIER

---  delete a grant create session to boss<caret>
FILE
  PLSQL:DELETE_COMMAND
    PLSQL:DELETE
    PLSQL:TABLE_ALIAS
      PLSQL:TABLE_REF
        PLSQL:IDENTIFIER
  PLSQL:GRANT_COMMAND
    PLSQL:GRANT
    PLSQL:SYSTEM_PRIVILEGE
      PLSQL:CREATE
      PLSQL:SESSION
    PLSQL:TO
    PLSQL:USER_NAME
      PLSQL:IDENTIFIER
###  Restored tree:
PLSQL:GRANT_COMMAND
  PLSQL:GRANT
  PLSQL:SYSTEM_PRIVILEGE
  PLSQL:TO
  PLSQL:USER_NAME
    PLSQL:IDENTIFIER

---  update tab1<caret>
FILE
  PLSQL:UPDATE_COMMAND
    PLSQL:ERROR_TOKEN_A
      PLSQL:UPDATE
      PLSQL:TABLE_ALIAS
        PLSQL:TABLE_REF
          PLSQL:IDENTIFIER
###  Restored tree:
PLSQL:UPDATE_COMMAND
  PLSQL:UPDATE
  PLSQL:TABLE_ALIAS
    PLSQL:TABLE_REF
      PLSQL:IDENTIFIER

---  update tab1 set1<caret>
FILE
  PLSQL:UPDATE_COMMAND
    PLSQL:ERROR_TOKEN_A
      PLSQL:UPDATE
      PLSQL:TABLE_ALIAS
        PLSQL:TABLE_REF
          PLSQL:IDENTIFIER
        PLSQL:ALIAS_NAME
          PLSQL:ALIAS_IDENT
            PLSQL:IDENTIFIER
###  Restored tree:
PLSQL:UPDATE_COMMAND
  PLSQL:UPDATE
  PLSQL:TABLE_ALIAS
    PLSQL:TABLE_REF
    PLSQL:ALIAS_NAME
      PLSQL:ALIAS_IDENT
        PLSQL:IDENTIFIER

---  update tab1 s1 set1<caret>
FILE
  PLSQL:UPDATE_COMMAND
    PLSQL:ERROR_TOKEN_A
      PLSQL:UPDATE
      PLSQL:TABLE_ALIAS
        PLSQL:TABLE_REF
          PLSQL:IDENTIFIER
        PLSQL:ALIAS_NAME
          PLSQL:ALIAS_IDENT
            PLSQL:IDENTIFIER
      PLSQL:IDENTIFIER
###  Restored tree:
PLSQL:UPDATE_COMMAND
  PLSQL:UPDATE
  PLSQL:TABLE_ALIAS
  PLSQL:IDENTIFIER

---  update tab1 set a<caret>
FILE
  PLSQL:UPDATE_COMMAND
    PLSQL:SIMPLE_UPDATE_COMMAND
      PLSQL:UPDATE
      PLSQL:TABLE_ALIAS
        PLSQL:TABLE_REF
          PLSQL:IDENTIFIER
      PLSQL:SET
      PLSQL:ERROR_TOKEN_A
        PLSQL:IDENTIFIER
###  Restored tree:
PLSQL:UPDATE_COMMAND
  PLSQL:SIMPLE_UPDATE_COMMAND
    PLSQL:UPDATE
    PLSQL:TABLE_ALIAS
    PLSQL:SET
    PLSQL:IDENTIFIER

---  update tab1 set a =<caret>
FILE
  PLSQL:UPDATE_COMMAND
    PLSQL:SIMPLE_UPDATE_COMMAND
      PLSQL:UPDATE
      PLSQL:TABLE_ALIAS
        PLSQL:TABLE_REF
          PLSQL:IDENTIFIER
      PLSQL:SET
      PLSQL:COLUMN_SPEC
        PLSQL:NAME_FRAGMENT
          PLSQL:IDENTIFIER
      PLSQL:EQ
      PLSQL:VAR_REF
        PLSQL:NAME_FRAGMENT
          PLSQL:IDENTIFIER
###  Restored tree:
PLSQL:UPDATE_COMMAND
  PLSQL:SIMPLE_UPDATE_COMMAND
    PLSQL:UPDATE
    PLSQL:TABLE_ALIAS
    PLSQL:SET
    PLSQL:COLUMN_SPEC
    PLSQL:EQ
    PLSQL:VAR_REF
      PLSQL:NAME_FRAGMENT
        PLSQL:IDENTIFIER

---  update tab1 set a = 2, <caret>
FILE
  PLSQL:UPDATE_COMMAND
    PLSQL:SIMPLE_UPDATE_COMMAND
      PLSQL:UPDATE
      PLSQL:TABLE_ALIAS
        PLSQL:TABLE_REF
          PLSQL:IDENTIFIER
      PLSQL:SET
      PLSQL:ERROR_TOKEN_A
        PLSQL:COLUMN_SPEC
          PLSQL:NAME_FRAGMENT
            PLSQL:IDENTIFIER
        PLSQL:EQ
        PLSQL:NUMERIC_LITERAL
          PLSQL:NUMBER
        PLSQL:COMMA
        PLSQL:IDENTIFIER
###  Restored tree:
PLSQL:UPDATE_COMMAND
  PLSQL:SIMPLE_UPDATE_COMMAND
    PLSQL:UPDATE
    PLSQL:TABLE_ALIAS
    PLSQL:SET
    PLSQL:COLUMN_SPEC
    PLSQL:EQ
    PLSQL:NUMERIC_LITERAL
    PLSQL:COMMA
    PLSQL:IDENTIFIER

---  select <caret>
FILE
  PLSQL:ERROR_TOKEN_A
    PLSQL:ERROR_TOKEN_A
      PLSQL:SELECT
    PLSQL:IDENTIFIER
###  Restored tree:
PLSQL:SELECT
PLSQL:IDENTIFIER

---  select a <caret>
FILE
  PLSQL:ERROR_TOKEN_A
    PLSQL:ERROR_TOKEN_A
      PLSQL:SELECT
      PLSQL:IDENTIFIER
    PLSQL:IDENTIFIER
###  Restored tree:
PLSQL:SELECT
PLSQL:IDENTIFIER
PLSQL:IDENTIFIER

---  select a <caret> from g
FILE
  PLSQL:SELECT_EXPRESSION
    PLSQL:SELECT
    PLSQL:EXPR_COLUMN
      PLSQL:VAR_REF
        PLSQL:NAME_FRAGMENT
          PLSQL:IDENTIFIER
      PLSQL:ALIAS_NAME
        PLSQL:ALIAS_IDENT
          PLSQL:IDENTIFIER
    PLSQL:TABLE_REFERENCE_LIST_FROM
      PLSQL:FROM
      PLSQL:TABLE_ALIAS
        PLSQL:TABLE_REF
          PLSQL:IDENTIFIER
###  Restored tree:
PLSQL:SELECT_EXPRESSION
  PLSQL:SELECT
  PLSQL:EXPR_COLUMN
    PLSQL:VAR_REF
    PLSQL:ALIAS_NAME
      PLSQL:ALIAS_IDENT
        PLSQL:IDENTIFIER

---  select a-b/3, as1, <caret>
FILE
  PLSQL:ERROR_TOKEN_A
    PLSQL:SELECT
    PLSQL:EXPR_COLUMN
      PLSQL:ARITHMETIC_EXPR
        PLSQL:VAR_REF
          PLSQL:NAME_FRAGMENT
            PLSQL:IDENTIFIER
        PLSQL:MINUS
        PLSQL:ARITHMETIC_EXPR
          PLSQL:VAR_REF
            PLSQL:NAME_FRAGMENT
              PLSQL:IDENTIFIER
          PLSQL:DIVIDE
          PLSQL:NUMERIC_LITERAL
            PLSQL:NUMBER
    PLSQL:COMMA
    PLSQL:EXPR_COLUMN
      PLSQL:VAR_REF
        PLSQL:NAME_FRAGMENT
          PLSQL:IDENTIFIER
    PLSQL:COMMA
    PLSQL:ERROR_TOKEN_A
      PLSQL:IDENTIFIER
###  Restored tree:
PLSQL:SELECT
PLSQL:EXPR_COLUMN
PLSQL:COMMA
PLSQL:EXPR_COLUMN
PLSQL:COMMA
PLSQL:IDENTIFIER

---  select 89, uui from <caret>
FILE
  PLSQL:SELECT_EXPRESSION
    PLSQL:SELECT
    PLSQL:EXPR_COLUMN
      PLSQL:NUMERIC_LITERAL
        PLSQL:NUMBER
    PLSQL:COMMA
    PLSQL:EXPR_COLUMN
      PLSQL:VAR_REF
        PLSQL:NAME_FRAGMENT
          PLSQL:IDENTIFIER
    PLSQL:TABLE_REFERENCE_LIST_FROM
      PLSQL:FROM
      PLSQL:TABLE_ALIAS
        PLSQL:TABLE_REF
          PLSQL:IDENTIFIER
###  Restored tree:
PLSQL:SELECT_EXPRESSION
  PLSQL:SELECT
  PLSQL:EXPR_COLUMN
  PLSQL:COMMA
  PLSQL:EXPR_COLUMN
  PLSQL:TABLE_REFERENCE_LIST_FROM
    PLSQL:FROM
    PLSQL:TABLE_ALIAS
      PLSQL:TABLE_REF
        PLSQL:IDENTIFIER

---  select 1 from a <caret>
FILE
  PLSQL:SELECT_EXPRESSION
    PLSQL:SELECT
    PLSQL:EXPR_COLUMN
      PLSQL:NUMERIC_LITERAL
        PLSQL:NUMBER
    PLSQL:TABLE_REFERENCE_LIST_FROM
      PLSQL:FROM
      PLSQL:TABLE_ALIAS
        PLSQL:TABLE_REF
          PLSQL:IDENTIFIER
        PLSQL:ALIAS_NAME
          PLSQL:ALIAS_IDENT
            PLSQL:IDENTIFIER
###  Restored tree:
PLSQL:SELECT_EXPRESSION
  PLSQL:SELECT
  PLSQL:EXPR_COLUMN
  PLSQL:TABLE_REFERENCE_LIST_FROM
    PLSQL:FROM
    PLSQL:TABLE_ALIAS
      PLSQL:TABLE_REF
      PLSQL:ALIAS_NAME
        PLSQL:ALIAS_IDENT
          PLSQL:IDENTIFIER

---  g<caret>
FILE
  PLSQL:ERROR_TOKEN_A
    PLSQL:IDENTIFIER
###  Restored tree:
PLSQL:IDENTIFIER

---  grant create session toi<caret>
FILE
  PLSQL:GRANT_COMMAND
    PLSQL:GRANT
    PLSQL:ERROR_TOKEN_A
      PLSQL:SYSTEM_PRIVILEGE
        PLSQL:CREATE
        PLSQL:SESSION
      PLSQL:IDENTIFIER
###  Restored tree:
PLSQL:GRANT_COMMAND
  PLSQL:GRANT
  PLSQL:SYSTEM_PRIVILEGE
  PLSQL:IDENTIFIER

---  grant create se<caret>
FILE
  PLSQL:ERROR_TOKEN_A
    PLSQL:ERROR_TOKEN_A
      PLSQL:GRANT
      PLSQL:CREATE
    PLSQL:IDENTIFIER
###  Restored tree:
PLSQL:GRANT
PLSQL:CREATE
PLSQL:IDENTIFIER

Tests run: 21, Failures: 0, Errors: 0, Skipped: 0, Time elapsed: 0.107 sec
Running com.deepsky.lang.plsql.completion.syntaxTreePath.generator.SyntaxTreePathParserTest
---  select pop from tab1 group by pop <caret>
FILE
  PLSQL:ERROR_TOKEN_A
    PLSQL:SELECT_EXPRESSION
      PLSQL:SELECT
      PLSQL:EXPR_COLUMN
        PLSQL:VAR_REF
          PLSQL:NAME_FRAGMENT
            PLSQL:IDENTIFIER
      PLSQL:TABLE_REFERENCE_LIST_FROM
        PLSQL:FROM
        PLSQL:TABLE_ALIAS
          PLSQL:TABLE_REF
            PLSQL:IDENTIFIER
      PLSQL:GROUP_CLAUSE
        PLSQL:GROUP
        PLSQL:BY
        PLSQL:VAR_REF
          PLSQL:NAME_FRAGMENT
            PLSQL:IDENTIFIER
    PLSQL:IDENTIFIER
###  Restored tree:
PLSQL:ERROR_TOKEN_A
  PLSQL:SELECT_EXPRESSION
  PLSQL:IDENTIFIER

Time spent: 1
---  select pop from tab1 group by pop, <caret>
FILE
  PLSQL:SELECT_EXPRESSION
    PLSQL:SELECT
    PLSQL:EXPR_COLUMN
      PLSQL:VAR_REF
        PLSQL:NAME_FRAGMENT
          PLSQL:IDENTIFIER
    PLSQL:TABLE_REFERENCE_LIST_FROM
      PLSQL:FROM
      PLSQL:TABLE_ALIAS
        PLSQL:TABLE_REF
          PLSQL:IDENTIFIER
    PLSQL:GROUP_CLAUSE
      PLSQL:GROUP
      PLSQL:BY
      PLSQL:VAR_REF
        PLSQL:NAME_FRAGMENT
          PLSQL:IDENTIFIER
      PLSQL:COMMA
      PLSQL:VAR_REF
        PLSQL:NAME_FRAGMENT
          PLSQL:IDENTIFIER
###  Restored tree:
PLSQL:SELECT_EXPRESSION
  PLSQL:SELECT
  PLSQL:EXPR_COLUMN
  PLSQL:TABLE_REFERENCE_LIST_FROM
  PLSQL:GROUP_CLAUSE
    PLSQL:GROUP
    PLSQL:BY
    PLSQL:VAR_REF
    PLSQL:COMMA
    PLSQL:VAR_REF
      PLSQL:NAME_FRAGMENT
        PLSQL:IDENTIFIER

Time spent: 8
---  select pop from tab1 group by pop having <caret>
FILE
  PLSQL:SELECT_EXPRESSION
    PLSQL:SELECT
    PLSQL:EXPR_COLUMN
      PLSQL:VAR_REF
        PLSQL:NAME_FRAGMENT
          PLSQL:IDENTIFIER
    PLSQL:TABLE_REFERENCE_LIST_FROM
      PLSQL:FROM
      PLSQL:TABLE_ALIAS
        PLSQL:TABLE_REF
          PLSQL:IDENTIFIER
    PLSQL:GROUP_CLAUSE
      PLSQL:GROUP
      PLSQL:BY
      PLSQL:VAR_REF
        PLSQL:NAME_FRAGMENT
          PLSQL:IDENTIFIER
      PLSQL:HAVING
      PLSQL:VAR_REF
        PLSQL:NAME_FRAGMENT
          PLSQL:IDENTIFIER
###  Restored tree:
PLSQL:SELECT_EXPRESSION
  PLSQL:SELECT
  PLSQL:EXPR_COLUMN
  PLSQL:TABLE_REFERENCE_LIST_FROM
  PLSQL:GROUP_CLAUSE
    PLSQL:GROUP
    PLSQL:BY
    PLSQL:VAR_REF
    PLSQL:HAVING
    PLSQL:VAR_REF
      PLSQL:NAME_FRAGMENT
        PLSQL:IDENTIFIER

Time spent: 1
---  update <caret>
FILE
  PLSQL:UPDATE_COMMAND
    PLSQL:ERROR_TOKEN_A
      PLSQL:UPDATE
      PLSQL:TABLE_ALIAS
        PLSQL:TABLE_REF
          PLSQL:IDENTIFIER
###  Restored tree:
PLSQL:UPDATE_COMMAND
  PLSQL:ERROR_TOKEN_A
    PLSQL:UPDATE
    PLSQL:TABLE_ALIAS
      PLSQL:TABLE_REF
        PLSQL:IDENTIFIER

Time spent: 2
---  update tab1 <caret>
FILE
  PLSQL:UPDATE_COMMAND
    PLSQL:ERROR_TOKEN_A
      PLSQL:UPDATE
      PLSQL:TABLE_ALIAS
        PLSQL:TABLE_REF
          PLSQL:IDENTIFIER
        PLSQL:ALIAS_NAME
          PLSQL:ALIAS_IDENT
            PLSQL:IDENTIFIER
###  Restored tree:
PLSQL:UPDATE_COMMAND
  PLSQL:ERROR_TOKEN_A
    PLSQL:UPDATE
    PLSQL:TABLE_ALIAS
      PLSQL:TABLE_REF
      PLSQL:ALIAS_NAME
        PLSQL:ALIAS_IDENT
          PLSQL:IDENTIFIER

Time spent: 1
---  update tab1 set <caret>
FILE
  PLSQL:UPDATE_COMMAND
    PLSQL:SIMPLE_UPDATE_COMMAND
      PLSQL:UPDATE
      PLSQL:TABLE_ALIAS
        PLSQL:TABLE_REF
          PLSQL:IDENTIFIER
      PLSQL:SET
      PLSQL:ERROR_TOKEN_A
        PLSQL:IDENTIFIER
###  Restored tree:
PLSQL:UPDATE_COMMAND
  PLSQL:SIMPLE_UPDATE_COMMAND
    PLSQL:UPDATE
    PLSQL:TABLE_ALIAS
    PLSQL:SET
    PLSQL:ERROR_TOKEN_A
      PLSQL:IDENTIFIER

Time spent: 0
---  update tab1 set a = <caret>
FILE
  PLSQL:UPDATE_COMMAND
    PLSQL:SIMPLE_UPDATE_COMMAND
      PLSQL:UPDATE
      PLSQL:TABLE_ALIAS
        PLSQL:TABLE_REF
          PLSQL:IDENTIFIER
      PLSQL:SET
      PLSQL:COLUMN_SPEC
        PLSQL:NAME_FRAGMENT
          PLSQL:IDENTIFIER
      PLSQL:EQ
      PLSQL:VAR_REF
        PLSQL:NAME_FRAGMENT
          PLSQL:IDENTIFIER
###  Restored tree:
PLSQL:UPDATE_COMMAND
  PLSQL:SIMPLE_UPDATE_COMMAND
    PLSQL:UPDATE
    PLSQL:TABLE_ALIAS
    PLSQL:SET
    PLSQL:COLUMN_SPEC
    PLSQL:EQ
    PLSQL:VAR_REF
      PLSQL:NAME_FRAGMENT
        PLSQL:IDENTIFIER

Time spent: 1
---  select 1 from dual; create table abc( id number); <caret> 
FILE
  PLSQL:SELECT_EXPRESSION
    PLSQL:SELECT
    PLSQL:EXPR_COLUMN
      PLSQL:NUMERIC_LITERAL
        PLSQL:NUMBER
    PLSQL:TABLE_REFERENCE_LIST_FROM
      PLSQL:FROM
      PLSQL:TABLE_ALIAS
        PLSQL:TABLE_REF
          PLSQL:IDENTIFIER
  PLSQL:SEMI
  PLSQL:ERROR_TOKEN_A
    PLSQL:CREATE
    PLSQL:TABLE
    PLSQL:TABLE_NAME_DDL
      PLSQL:IDENTIFIER
    PLSQL:OPEN_PAREN
    PLSQL:COLUMN_DEF
      PLSQL:COLUMN_NAME_DDL
        PLSQL:ID
      PLSQL:DATATYPE
        PLSQL:NUMBER
    PLSQL:CLOSE_PAREN
    PLSQL:SEMI
    PLSQL:IDENTIFIER
###  Restored tree:
PLSQL:SELECT_EXPRESSION
PLSQL:SEMI
PLSQL:ERROR_TOKEN_A
  PLSQL:CREATE
  PLSQL:TABLE
  PLSQL:TABLE_NAME_DDL
  PLSQL:OPEN_PAREN
  PLSQL:COLUMN_DEF
  PLSQL:CLOSE_PAREN
  PLSQL:SEMI
  PLSQL:IDENTIFIER

Time spent: 1
---  create sequence te_seq;

create table tab1 (
    id number,
    text varchar2(23)
);

select <caret> from tab1
FILE
  PLSQL:CREATE_SEQUENCE
    PLSQL:CREATE
    PLSQL:SEQUENCE
    PLSQL:SEQUENCE_NAME
      PLSQL:IDENTIFIER
    PLSQL:SEMI
  PLSQL:LF
  PLSQL:TABLE_DEF
    PLSQL:CREATE
    PLSQL:TABLE
    PLSQL:TABLE_NAME_DDL
      PLSQL:IDENTIFIER
    PLSQL:OPEN_PAREN
    PLSQL:LF
    PLSQL:COLUMN_DEF
      PLSQL:COLUMN_NAME_DDL
        PLSQL:ID
      PLSQL:DATATYPE
        PLSQL:NUMBER
    PLSQL:COMMA
    PLSQL:LF
    PLSQL:COLUMN_DEF
      PLSQL:COLUMN_NAME_DDL
        PLSQL:IDENTIFIER
      PLSQL:DATATYPE
        PLSQL:VARCHAR2
        PLSQL:OPEN_PAREN
        PLSQL:NUMBER
        PLSQL:CLOSE_PAREN
    PLSQL:LF
    PLSQL:CLOSE_PAREN
    PLSQL:SEMI
  PLSQL:LF
  PLSQL:SELECT_EXPRESSION
    PLSQL:SELECT
    PLSQL:EXPR_COLUMN
      PLSQL:VAR_REF
        PLSQL:NAME_FRAGMENT
          PLSQL:IDENTIFIER
    PLSQL:TABLE_REFERENCE_LIST_FROM
      PLSQL:FROM
      PLSQL:TABLE_ALIAS
        PLSQL:TABLE_REF
          PLSQL:IDENTIFIER
###  Restored tree:
PLSQL:CREATE_SEQUENCE
PLSQL:TABLE_DEF
PLSQL:SELECT_EXPRESSION
  PLSQL:SELECT
  PLSQL:EXPR_COLUMN
    PLSQL:VAR_REF
      PLSQL:NAME_FRAGMENT
        PLSQL:IDENTIFIER

Time spent: 1
---  select 1 from dual; create table abc( id number); insert <caret> 
FILE
  PLSQL:SELECT_EXPRESSION
    PLSQL:SELECT
    PLSQL:EXPR_COLUMN
      PLSQL:NUMERIC_LITERAL
        PLSQL:NUMBER
    PLSQL:TABLE_REFERENCE_LIST_FROM
      PLSQL:FROM
      PLSQL:TABLE_ALIAS
        PLSQL:TABLE_REF
          PLSQL:IDENTIFIER
  PLSQL:SEMI
  PLSQL:TABLE_DEF
    PLSQL:CREATE
    PLSQL:TABLE
    PLSQL:TABLE_NAME_DDL
      PLSQL:IDENTIFIER
    PLSQL:OPEN_PAREN
    PLSQL:COLUMN_DEF
      PLSQL:COLUMN_NAME_DDL
        PLSQL:ID
      PLSQL:DATATYPE
        PLSQL:NUMBER
    PLSQL:CLOSE_PAREN
    PLSQL:SEMI
  PLSQL:ERROR_TOKEN_A
    PLSQL:INSERT
    PLSQL:IDENTIFIER
###  Restored tree:
PLSQL:SELECT_EXPRESSION
PLSQL:SEMI
PLSQL:TABLE_DEF
PLSQL:ERROR_TOKEN_A
  PLSQL:INSERT
  PLSQL:IDENTIFIER

Time spent: 0
---  select 1 from dual; create table abc( id number); insert into <caret> 
FILE
  PLSQL:SELECT_EXPRESSION
    PLSQL:SELECT
    PLSQL:EXPR_COLUMN
      PLSQL:NUMERIC_LITERAL
        PLSQL:NUMBER
    PLSQL:TABLE_REFERENCE_LIST_FROM
      PLSQL:FROM
      PLSQL:TABLE_ALIAS
        PLSQL:TABLE_REF
          PLSQL:IDENTIFIER
  PLSQL:SEMI
  PLSQL:TABLE_DEF
    PLSQL:CREATE
    PLSQL:TABLE
    PLSQL:TABLE_NAME_DDL
      PLSQL:IDENTIFIER
    PLSQL:OPEN_PAREN
    PLSQL:COLUMN_DEF
      PLSQL:COLUMN_NAME_DDL
        PLSQL:ID
      PLSQL:DATATYPE
        PLSQL:NUMBER
    PLSQL:CLOSE_PAREN
    PLSQL:SEMI
  PLSQL:ERROR_TOKEN_A
    PLSQL:INSERT
    PLSQL:INTO
    PLSQL:TABLE_ALIAS
      PLSQL:TABLE_REF
        PLSQL:IDENTIFIER
###  Restored tree:
PLSQL:SELECT_EXPRESSION
PLSQL:SEMI
PLSQL:TABLE_DEF
PLSQL:ERROR_TOKEN_A
  PLSQL:INSERT
  PLSQL:INTO
  PLSQL:TABLE_ALIAS
    PLSQL:TABLE_REF
      PLSQL:IDENTIFIER

Time spent: 3
---  select 1 from dual; create table abc( id number); insert into tab <caret> 
FILE
  PLSQL:SELECT_EXPRESSION
    PLSQL:SELECT
    PLSQL:EXPR_COLUMN
      PLSQL:NUMERIC_LITERAL
        PLSQL:NUMBER
    PLSQL:TABLE_REFERENCE_LIST_FROM
      PLSQL:FROM
      PLSQL:TABLE_ALIAS
        PLSQL:TABLE_REF
          PLSQL:IDENTIFIER
  PLSQL:SEMI
  PLSQL:TABLE_DEF
    PLSQL:CREATE
    PLSQL:TABLE
    PLSQL:TABLE_NAME_DDL
      PLSQL:IDENTIFIER
    PLSQL:OPEN_PAREN
    PLSQL:COLUMN_DEF
      PLSQL:COLUMN_NAME_DDL
        PLSQL:ID
      PLSQL:DATATYPE
        PLSQL:NUMBER
    PLSQL:CLOSE_PAREN
    PLSQL:SEMI
  PLSQL:ERROR_TOKEN_A
    PLSQL:INSERT
    PLSQL:INTO
    PLSQL:TABLE_ALIAS
      PLSQL:TABLE_REF
        PLSQL:IDENTIFIER
      PLSQL:ALIAS_NAME
        PLSQL:ALIAS_IDENT
          PLSQL:IDENTIFIER
###  Restored tree:
PLSQL:SELECT_EXPRESSION
PLSQL:SEMI
PLSQL:TABLE_DEF
PLSQL:ERROR_TOKEN_A
  PLSQL:INSERT
  PLSQL:INTO
  PLSQL:TABLE_ALIAS
    PLSQL:TABLE_REF
    PLSQL:ALIAS_NAME
      PLSQL:ALIAS_IDENT
        PLSQL:IDENTIFIER

Time spent: 3
---  select 1 from dual; create table abc( id number); delete from tab where <caret> 
FILE
  PLSQL:SELECT_EXPRESSION
    PLSQL:SELECT
    PLSQL:EXPR_COLUMN
      PLSQL:NUMERIC_LITERAL
        PLSQL:NUMBER
    PLSQL:TABLE_REFERENCE_LIST_FROM
      PLSQL:FROM
      PLSQL:TABLE_ALIAS
        PLSQL:TABLE_REF
          PLSQL:IDENTIFIER
  PLSQL:SEMI
  PLSQL:TABLE_DEF
    PLSQL:CREATE
    PLSQL:TABLE
    PLSQL:TABLE_NAME_DDL
      PLSQL:IDENTIFIER
    PLSQL:OPEN_PAREN
    PLSQL:COLUMN_DEF
      PLSQL:COLUMN_NAME_DDL
        PLSQL:ID
      PLSQL:DATATYPE
        PLSQL:NUMBER
    PLSQL:CLOSE_PAREN
    PLSQL:SEMI
  PLSQL:DELETE_COMMAND
    PLSQL:DELETE
    PLSQL:FROM
    PLSQL:TABLE_ALIAS
      PLSQL:TABLE_REF
        PLSQL:IDENTIFIER
    PLSQL:WHERE_CONDITION
      PLSQL:WHERE
      PLSQL:VAR_REF
        PLSQL:NAME_FRAGMENT
          PLSQL:IDENTIFIER
###  Restored tree:
PLSQL:SELECT_EXPRESSION
PLSQL:SEMI
PLSQL:TABLE_DEF
PLSQL:DELETE_COMMAND
  PLSQL:DELETE
  PLSQL:FROM
  PLSQL:TABLE_ALIAS
  PLSQL:WHERE_CONDITION
    PLSQL:WHERE
    PLSQL:VAR_REF
      PLSQL:NAME_FRAGMENT
        PLSQL:IDENTIFIER

Time spent: 1
---  /* hello */
 delete from tab where exists (select * from atab where <caret> 
FILE
  PLSQL:ML_COMMENT
  PLSQL:LF
  PLSQL:DELETE_COMMAND
    PLSQL:DELETE
    PLSQL:FROM
    PLSQL:TABLE_ALIAS
      PLSQL:TABLE_REF
        PLSQL:IDENTIFIER
    PLSQL:WHERE_CONDITION
      PLSQL:WHERE
      PLSQL:EXISTS_EXPR
        PLSQL:EXISTS
        PLSQL:ERROR_TOKEN_A
          PLSQL:OPEN_PAREN
          PLSQL:SELECT_EXPRESSION
            PLSQL:SELECT
            PLSQL:ASTERISK_COLUMN
              PLSQL:ASTERISK
            PLSQL:TABLE_REFERENCE_LIST_FROM
              PLSQL:FROM
              PLSQL:TABLE_ALIAS
                PLSQL:TABLE_REF
                  PLSQL:IDENTIFIER
            PLSQL:WHERE_CONDITION
              PLSQL:WHERE
              PLSQL:VAR_REF
                PLSQL:NAME_FRAGMENT
                  PLSQL:IDENTIFIER
###  Restored tree:
PLSQL:ML_COMMENT
PLSQL:DELETE_COMMAND
  PLSQL:DELETE
  PLSQL:FROM
  PLSQL:TABLE_ALIAS
  PLSQL:WHERE_CONDITION
    PLSQL:WHERE
    PLSQL:EXISTS_EXPR
      PLSQL:EXISTS
      PLSQL:ERROR_TOKEN_A
        PLSQL:OPEN_PAREN
        PLSQL:SELECT_EXPRESSION
          PLSQL:SELECT
          PLSQL:ASTERISK_COLUMN
          PLSQL:TABLE_REFERENCE_LIST_FROM
          PLSQL:WHERE_CONDITION
            PLSQL:WHERE
            PLSQL:VAR_REF
              PLSQL:NAME_FRAGMENT
                PLSQL:IDENTIFIER

Time spent: 2
---  select * <caret>
FILE
  PLSQL:ERROR_TOKEN_A
    PLSQL:ERROR_TOKEN_A
      PLSQL:SELECT
      PLSQL:ASTERISK
    PLSQL:IDENTIFIER
###  Restored tree:
PLSQL:ERROR_TOKEN_A
  PLSQL:SELECT
  PLSQL:ASTERISK
  PLSQL:IDENTIFIER

Time spent: 0
---  select <caret>
FILE
  PLSQL:ERROR_TOKEN_A
    PLSQL:ERROR_TOKEN_A
      PLSQL:SELECT
    PLSQL:IDENTIFIER
###  Restored tree:
PLSQL:ERROR_TOKEN_A
  PLSQL:SELECT
  PLSQL:IDENTIFIER

Time spent: 1
---  select a <caret>
FILE
  PLSQL:ERROR_TOKEN_A
    PLSQL:ERROR_TOKEN_A
      PLSQL:SELECT
      PLSQL:IDENTIFIER
    PLSQL:IDENTIFIER
###  Restored tree:
PLSQL:ERROR_TOKEN_A
  PLSQL:SELECT
  PLSQL:IDENTIFIER
  PLSQL:IDENTIFIER

Time spent: 1
---  select a, <caret>
FILE
  PLSQL:ERROR_TOKEN_A
    PLSQL:SELECT
    PLSQL:EXPR_COLUMN
      PLSQL:VAR_REF
        PLSQL:NAME_FRAGMENT
          PLSQL:IDENTIFIER
    PLSQL:COMMA
    PLSQL:ERROR_TOKEN_A
      PLSQL:IDENTIFIER
###  Restored tree:
PLSQL:ERROR_TOKEN_A
  PLSQL:SELECT
  PLSQL:EXPR_COLUMN
  PLSQL:COMMA
  PLSQL:ERROR_TOKEN_A
    PLSQL:IDENTIFIER

Time spent: 4
---  select a <caret> from g
FILE
  PLSQL:SELECT_EXPRESSION
    PLSQL:SELECT
    PLSQL:EXPR_COLUMN
      PLSQL:VAR_REF
        PLSQL:NAME_FRAGMENT
          PLSQL:IDENTIFIER
      PLSQL:ALIAS_NAME
        PLSQL:ALIAS_IDENT
          PLSQL:IDENTIFIER
    PLSQL:TABLE_REFERENCE_LIST_FROM
      PLSQL:FROM
      PLSQL:TABLE_ALIAS
        PLSQL:TABLE_REF
          PLSQL:IDENTIFIER
###  Restored tree:
PLSQL:SELECT_EXPRESSION
  PLSQL:SELECT
  PLSQL:EXPR_COLUMN
    PLSQL:VAR_REF
    PLSQL:ALIAS_NAME
      PLSQL:ALIAS_IDENT
        PLSQL:IDENTIFIER

Time spent: 1
---  select a  b <caret>
FILE
  PLSQL:ERROR_TOKEN_A
    PLSQL:SELECT
    PLSQL:EXPR_COLUMN
      PLSQL:VAR_REF
        PLSQL:NAME_FRAGMENT
          PLSQL:IDENTIFIER
      PLSQL:ALIAS_NAME
        PLSQL:ALIAS_IDENT
          PLSQL:IDENTIFIER
    PLSQL:IDENTIFIER
###  Restored tree:
PLSQL:ERROR_TOKEN_A
  PLSQL:SELECT
  PLSQL:EXPR_COLUMN
  PLSQL:IDENTIFIER

Time spent: 1
---  select a  b from <caret>
FILE
  PLSQL:SELECT_EXPRESSION
    PLSQL:SELECT
    PLSQL:EXPR_COLUMN
      PLSQL:VAR_REF
        PLSQL:NAME_FRAGMENT
          PLSQL:IDENTIFIER
      PLSQL:ALIAS_NAME
        PLSQL:ALIAS_IDENT
          PLSQL:IDENTIFIER
    PLSQL:TABLE_REFERENCE_LIST_FROM
      PLSQL:FROM
      PLSQL:TABLE_ALIAS
        PLSQL:TABLE_REF
          PLSQL:IDENTIFIER
###  Restored tree:
PLSQL:SELECT_EXPRESSION
  PLSQL:SELECT
  PLSQL:EXPR_COLUMN
  PLSQL:TABLE_REFERENCE_LIST_FROM
    PLSQL:FROM
    PLSQL:TABLE_ALIAS
      PLSQL:TABLE_REF
        PLSQL:IDENTIFIER

Time spent: 1
---  select a b<caret> from g
FILE
  PLSQL:SELECT_EXPRESSION
    PLSQL:SELECT
    PLSQL:EXPR_COLUMN
      PLSQL:VAR_REF
        PLSQL:NAME_FRAGMENT
          PLSQL:IDENTIFIER
      PLSQL:ALIAS_NAME
        PLSQL:ALIAS_IDENT
          PLSQL:IDENTIFIER
    PLSQL:TABLE_REFERENCE_LIST_FROM
      PLSQL:FROM
      PLSQL:TABLE_ALIAS
        PLSQL:TABLE_REF
          PLSQL:IDENTIFIER
###  Restored tree:
PLSQL:SELECT_EXPRESSION
  PLSQL:SELECT
  PLSQL:EXPR_COLUMN
    PLSQL:VAR_REF
    PLSQL:ALIAS_NAME
      PLSQL:ALIAS_IDENT
        PLSQL:IDENTIFIER

Time spent: 1
---  select (select <caret>) from g
FILE
  PLSQL:SELECT_EXPRESSION
    PLSQL:SELECT
    PLSQL:ERROR_TOKEN_A
      PLSQL:SUBQUERY_EXPR
        PLSQL:ERROR_TOKEN_A
          PLSQL:OPEN_PAREN
          PLSQL:ERROR_TOKEN_A
            PLSQL:SELECT
          PLSQL:IDENTIFIER
      PLSQL:CLOSE_PAREN
    PLSQL:TABLE_REFERENCE_LIST_FROM
      PLSQL:FROM
      PLSQL:TABLE_ALIAS
        PLSQL:TABLE_REF
          PLSQL:IDENTIFIER
###  Restored tree:
PLSQL:SELECT_EXPRESSION
  PLSQL:SELECT
  PLSQL:ERROR_TOKEN_A
    PLSQL:SUBQUERY_EXPR
      PLSQL:ERROR_TOKEN_A
        PLSQL:OPEN_PAREN
        PLSQL:SELECT
        PLSQL:IDENTIFIER

Time spent: 0
---  select (<caret>) from g
FILE
  PLSQL:SELECT_EXPRESSION
    PLSQL:SELECT
    PLSQL:EXPR_COLUMN
      PLSQL:PARENTHESIZED_EXPR
        PLSQL:OPEN_PAREN
        PLSQL:VAR_REF
          PLSQL:NAME_FRAGMENT
            PLSQL:IDENTIFIER
        PLSQL:CLOSE_PAREN
    PLSQL:TABLE_REFERENCE_LIST_FROM
      PLSQL:FROM
      PLSQL:TABLE_ALIAS
        PLSQL:TABLE_REF
          PLSQL:IDENTIFIER
###  Restored tree:
PLSQL:SELECT_EXPRESSION
  PLSQL:SELECT
  PLSQL:EXPR_COLUMN
    PLSQL:PARENTHESIZED_EXPR
      PLSQL:OPEN_PAREN
      PLSQL:VAR_REF
        PLSQL:NAME_FRAGMENT
          PLSQL:IDENTIFIER

Time spent: 1
---  select a-3 from (<caret>)
FILE
  PLSQL:SELECT_EXPRESSION
    PLSQL:SELECT
    PLSQL:EXPR_COLUMN
      PLSQL:ARITHMETIC_EXPR
        PLSQL:VAR_REF
          PLSQL:NAME_FRAGMENT
            PLSQL:IDENTIFIER
        PLSQL:MINUS
        PLSQL:NUMERIC_LITERAL
          PLSQL:NUMBER
    PLSQL:TABLE_REFERENCE_LIST_FROM
      PLSQL:FROM
      PLSQL:FROM_SUBQUERY
        PLSQL:SUBQUERY
          PLSQL:OPEN_PAREN
          PLSQL:ERROR_TOKEN_A
            PLSQL:IDENTIFIER
          PLSQL:CLOSE_PAREN
###  Restored tree:
PLSQL:SELECT_EXPRESSION
  PLSQL:SELECT
  PLSQL:EXPR_COLUMN
  PLSQL:TABLE_REFERENCE_LIST_FROM
    PLSQL:FROM
    PLSQL:FROM_SUBQUERY
      PLSQL:SUBQUERY
        PLSQL:OPEN_PAREN
        PLSQL:ERROR_TOKEN_A
          PLSQL:IDENTIFIER

Time spent: 4
---  select a-3 from tab1, (<caret>)
FILE
  PLSQL:SELECT_EXPRESSION
    PLSQL:SELECT
    PLSQL:EXPR_COLUMN
      PLSQL:ARITHMETIC_EXPR
        PLSQL:VAR_REF
          PLSQL:NAME_FRAGMENT
            PLSQL:IDENTIFIER
        PLSQL:MINUS
        PLSQL:NUMERIC_LITERAL
          PLSQL:NUMBER
    PLSQL:TABLE_REFERENCE_LIST_FROM
      PLSQL:FROM
      PLSQL:TABLE_ALIAS
        PLSQL:TABLE_REF
          PLSQL:IDENTIFIER
      PLSQL:COMMA
      PLSQL:FROM_SUBQUERY
        PLSQL:SUBQUERY
          PLSQL:OPEN_PAREN
          PLSQL:ERROR_TOKEN_A
            PLSQL:IDENTIFIER
          PLSQL:CLOSE_PAREN
###  Restored tree:
PLSQL:SELECT_EXPRESSION
  PLSQL:SELECT
  PLSQL:EXPR_COLUMN
  PLSQL:TABLE_REFERENCE_LIST_FROM
    PLSQL:FROM
    PLSQL:TABLE_ALIAS
    PLSQL:COMMA
    PLSQL:FROM_SUBQUERY
      PLSQL:SUBQUERY
        PLSQL:OPEN_PAREN
        PLSQL:ERROR_TOKEN_A
          PLSQL:IDENTIFIER

Time spent: 2
---  select 1-2, (select <caret>) from g
FILE
  PLSQL:SELECT_EXPRESSION
    PLSQL:SELECT
    PLSQL:EXPR_COLUMN
      PLSQL:ARITHMETIC_EXPR
        PLSQL:NUMERIC_LITERAL
          PLSQL:NUMBER
        PLSQL:MINUS
        PLSQL:NUMERIC_LITERAL
          PLSQL:NUMBER
    PLSQL:COMMA
    PLSQL:ERROR_TOKEN_A
      PLSQL:SUBQUERY_EXPR
        PLSQL:ERROR_TOKEN_A
          PLSQL:OPEN_PAREN
          PLSQL:ERROR_TOKEN_A
            PLSQL:SELECT
          PLSQL:IDENTIFIER
      PLSQL:CLOSE_PAREN
    PLSQL:TABLE_REFERENCE_LIST_FROM
      PLSQL:FROM
      PLSQL:TABLE_ALIAS
        PLSQL:TABLE_REF
          PLSQL:IDENTIFIER
###  Restored tree:
PLSQL:SELECT_EXPRESSION
  PLSQL:SELECT
  PLSQL:EXPR_COLUMN
  PLSQL:COMMA
  PLSQL:ERROR_TOKEN_A
    PLSQL:SUBQUERY_EXPR
      PLSQL:ERROR_TOKEN_A
        PLSQL:OPEN_PAREN
        PLSQL:SELECT
        PLSQL:IDENTIFIER

Time spent: 0
---  select 1-2, (select <caret>) t from g
FILE
  PLSQL:SELECT_EXPRESSION
    PLSQL:SELECT
    PLSQL:EXPR_COLUMN
      PLSQL:ARITHMETIC_EXPR
        PLSQL:NUMERIC_LITERAL
          PLSQL:NUMBER
        PLSQL:MINUS
        PLSQL:NUMERIC_LITERAL
          PLSQL:NUMBER
    PLSQL:COMMA
    PLSQL:ERROR_TOKEN_A
      PLSQL:SUBQUERY_EXPR
        PLSQL:ERROR_TOKEN_A
          PLSQL:OPEN_PAREN
          PLSQL:ERROR_TOKEN_A
            PLSQL:SELECT
          PLSQL:IDENTIFIER
      PLSQL:CLOSE_PAREN
      PLSQL:IDENTIFIER
    PLSQL:TABLE_REFERENCE_LIST_FROM
      PLSQL:FROM
      PLSQL:TABLE_ALIAS
        PLSQL:TABLE_REF
          PLSQL:IDENTIFIER
###  Restored tree:
PLSQL:SELECT_EXPRESSION
  PLSQL:SELECT
  PLSQL:EXPR_COLUMN
  PLSQL:COMMA
  PLSQL:ERROR_TOKEN_A
    PLSQL:SUBQUERY_EXPR
      PLSQL:ERROR_TOKEN_A
        PLSQL:OPEN_PAREN
        PLSQL:SELECT
        PLSQL:IDENTIFIER

Time spent: 0
---  select (select 1-2 from dual) asd, (select <caret>) t from g
FILE
  PLSQL:SELECT_EXPRESSION
    PLSQL:SELECT
    PLSQL:EXPR_COLUMN
      PLSQL:SUBQUERY_EXPR
        PLSQL:SUBQUERY
          PLSQL:OPEN_PAREN
          PLSQL:SELECT_EXPRESSION
            PLSQL:SELECT
            PLSQL:EXPR_COLUMN
              PLSQL:ARITHMETIC_EXPR
                PLSQL:NUMERIC_LITERAL
                  PLSQL:NUMBER
                PLSQL:MINUS
                PLSQL:NUMERIC_LITERAL
                  PLSQL:NUMBER
            PLSQL:TABLE_REFERENCE_LIST_FROM
              PLSQL:FROM
              PLSQL:TABLE_ALIAS
                PLSQL:TABLE_REF
                  PLSQL:IDENTIFIER
          PLSQL:CLOSE_PAREN
      PLSQL:ALIAS_NAME
        PLSQL:ALIAS_IDENT
          PLSQL:IDENTIFIER
    PLSQL:COMMA
    PLSQL:ERROR_TOKEN_A
      PLSQL:SUBQUERY_EXPR
        PLSQL:ERROR_TOKEN_A
          PLSQL:OPEN_PAREN
          PLSQL:ERROR_TOKEN_A
            PLSQL:SELECT
          PLSQL:IDENTIFIER
      PLSQL:CLOSE_PAREN
      PLSQL:IDENTIFIER
    PLSQL:TABLE_REFERENCE_LIST_FROM
      PLSQL:FROM
      PLSQL:TABLE_ALIAS
        PLSQL:TABLE_REF
          PLSQL:IDENTIFIER
###  Restored tree:
PLSQL:SELECT_EXPRESSION
  PLSQL:SELECT
  PLSQL:EXPR_COLUMN
  PLSQL:COMMA
  PLSQL:ERROR_TOKEN_A
    PLSQL:SUBQUERY_EXPR
      PLSQL:ERROR_TOKEN_A
        PLSQL:OPEN_PAREN
        PLSQL:SELECT
        PLSQL:IDENTIFIER

Time spent: 0
---  select (select 1-2 from dual) asd, (select <caret>) t 
FILE
  PLSQL:ERROR_TOKEN_A
    PLSQL:SELECT
    PLSQL:EXPR_COLUMN
      PLSQL:SUBQUERY_EXPR
        PLSQL:SUBQUERY
          PLSQL:OPEN_PAREN
          PLSQL:SELECT_EXPRESSION
            PLSQL:SELECT
            PLSQL:EXPR_COLUMN
              PLSQL:ARITHMETIC_EXPR
                PLSQL:NUMERIC_LITERAL
                  PLSQL:NUMBER
                PLSQL:MINUS
                PLSQL:NUMERIC_LITERAL
                  PLSQL:NUMBER
            PLSQL:TABLE_REFERENCE_LIST_FROM
              PLSQL:FROM
              PLSQL:TABLE_ALIAS
                PLSQL:TABLE_REF
                  PLSQL:IDENTIFIER
          PLSQL:CLOSE_PAREN
      PLSQL:ALIAS_NAME
        PLSQL:ALIAS_IDENT
          PLSQL:IDENTIFIER
    PLSQL:COMMA
    PLSQL:ERROR_TOKEN_A
      PLSQL:SUBQUERY_EXPR
        PLSQL:ERROR_TOKEN_A
          PLSQL:OPEN_PAREN
          PLSQL:ERROR_TOKEN_A
            PLSQL:SELECT
          PLSQL:IDENTIFIER
      PLSQL:CLOSE_PAREN
      PLSQL:IDENTIFIER
###  Restored tree:
PLSQL:ERROR_TOKEN_A
  PLSQL:SELECT
  PLSQL:EXPR_COLUMN
  PLSQL:COMMA
  PLSQL:ERROR_TOKEN_A
    PLSQL:SUBQUERY_EXPR
      PLSQL:ERROR_TOKEN_A
        PLSQL:OPEN_PAREN
        PLSQL:SELECT
        PLSQL:IDENTIFIER

Time spent: 3
---  select (select 1-2 from dual) asd, (select 12 from <caret>) t 
FILE
  PLSQL:ERROR_TOKEN_A
    PLSQL:SELECT
    PLSQL:EXPR_COLUMN
      PLSQL:SUBQUERY_EXPR
        PLSQL:SUBQUERY
          PLSQL:OPEN_PAREN
          PLSQL:SELECT_EXPRESSION
            PLSQL:SELECT
            PLSQL:EXPR_COLUMN
              PLSQL:ARITHMETIC_EXPR
                PLSQL:NUMERIC_LITERAL
                  PLSQL:NUMBER
                PLSQL:MINUS
                PLSQL:NUMERIC_LITERAL
                  PLSQL:NUMBER
            PLSQL:TABLE_REFERENCE_LIST_FROM
              PLSQL:FROM
              PLSQL:TABLE_ALIAS
                PLSQL:TABLE_REF
                  PLSQL:IDENTIFIER
          PLSQL:CLOSE_PAREN
      PLSQL:ALIAS_NAME
        PLSQL:ALIAS_IDENT
          PLSQL:IDENTIFIER
    PLSQL:COMMA
    PLSQL:EXPR_COLUMN
      PLSQL:SUBQUERY_EXPR
        PLSQL:SUBQUERY
          PLSQL:OPEN_PAREN
          PLSQL:SELECT_EXPRESSION
            PLSQL:SELECT
            PLSQL:EXPR_COLUMN
              PLSQL:NUMERIC_LITERAL
                PLSQL:NUMBER
            PLSQL:TABLE_REFERENCE_LIST_FROM
              PLSQL:FROM
              PLSQL:TABLE_ALIAS
                PLSQL:TABLE_REF
                  PLSQL:IDENTIFIER
          PLSQL:CLOSE_PAREN
      PLSQL:ALIAS_NAME
        PLSQL:ALIAS_IDENT
          PLSQL:IDENTIFIER
###  Restored tree:
PLSQL:ERROR_TOKEN_A
  PLSQL:SELECT
  PLSQL:EXPR_COLUMN
  PLSQL:COMMA
  PLSQL:EXPR_COLUMN
    PLSQL:SUBQUERY_EXPR
      PLSQL:SUBQUERY
        PLSQL:OPEN_PAREN
        PLSQL:SELECT_EXPRESSION
          PLSQL:SELECT
          PLSQL:EXPR_COLUMN
          PLSQL:TABLE_REFERENCE_LIST_FROM
            PLSQL:FROM
            PLSQL:TABLE_ALIAS
              PLSQL:TABLE_REF
                PLSQL:IDENTIFIER

Time spent: 1
---  select (select 1-2 from dual) asd, (select 12 from a order <caret>) t 
FILE
  PLSQL:ERROR_TOKEN_A
    PLSQL:SELECT
    PLSQL:EXPR_COLUMN
      PLSQL:SUBQUERY_EXPR
        PLSQL:SUBQUERY
          PLSQL:OPEN_PAREN
          PLSQL:SELECT_EXPRESSION
            PLSQL:SELECT
            PLSQL:EXPR_COLUMN
              PLSQL:ARITHMETIC_EXPR
                PLSQL:NUMERIC_LITERAL
                  PLSQL:NUMBER
                PLSQL:MINUS
                PLSQL:NUMERIC_LITERAL
                  PLSQL:NUMBER
            PLSQL:TABLE_REFERENCE_LIST_FROM
              PLSQL:FROM
              PLSQL:TABLE_ALIAS
                PLSQL:TABLE_REF
                  PLSQL:IDENTIFIER
          PLSQL:CLOSE_PAREN
      PLSQL:ALIAS_NAME
        PLSQL:ALIAS_IDENT
          PLSQL:IDENTIFIER
    PLSQL:COMMA
    PLSQL:EXPR_COLUMN
      PLSQL:SUBQUERY_EXPR
        PLSQL:SUBQUERY
          PLSQL:OPEN_PAREN
          PLSQL:SELECT_EXPRESSION
            PLSQL:SELECT
            PLSQL:EXPR_COLUMN
              PLSQL:NUMERIC_LITERAL
                PLSQL:NUMBER
            PLSQL:TABLE_REFERENCE_LIST_FROM
              PLSQL:FROM
              PLSQL:TABLE_ALIAS
                PLSQL:TABLE_REF
                  PLSQL:IDENTIFIER
            PLSQL:ERROR_TOKEN_A
              PLSQL:ORDER
              PLSQL:IDENTIFIER
          PLSQL:CLOSE_PAREN
      PLSQL:ALIAS_NAME
        PLSQL:ALIAS_IDENT
          PLSQL:IDENTIFIER
###  Restored tree:
PLSQL:ERROR_TOKEN_A
  PLSQL:SELECT
  PLSQL:EXPR_COLUMN
  PLSQL:COMMA
  PLSQL:EXPR_COLUMN
    PLSQL:SUBQUERY_EXPR
      PLSQL:SUBQUERY
        PLSQL:OPEN_PAREN
        PLSQL:SELECT_EXPRESSION
          PLSQL:SELECT
          PLSQL:EXPR_COLUMN
          PLSQL:TABLE_REFERENCE_LIST_FROM
          PLSQL:ERROR_TOKEN_A
            PLSQL:ORDER
            PLSQL:IDENTIFIER

Time spent: 1
---  select asd, t from a order by c1 <caret> 
FILE
  PLSQL:ERROR_TOKEN_A
    PLSQL:SELECT_EXPRESSION
      PLSQL:SELECT
      PLSQL:EXPR_COLUMN
        PLSQL:VAR_REF
          PLSQL:NAME_FRAGMENT
            PLSQL:IDENTIFIER
      PLSQL:COMMA
      PLSQL:EXPR_COLUMN
        PLSQL:VAR_REF
          PLSQL:NAME_FRAGMENT
            PLSQL:IDENTIFIER
      PLSQL:TABLE_REFERENCE_LIST_FROM
        PLSQL:FROM
        PLSQL:TABLE_ALIAS
          PLSQL:TABLE_REF
            PLSQL:IDENTIFIER
      PLSQL:ORDER_CLAUSE
        PLSQL:ORDER
        PLSQL:BY
        PLSQL:SORTED_DEF
          PLSQL:VAR_REF
            PLSQL:NAME_FRAGMENT
              PLSQL:IDENTIFIER
    PLSQL:IDENTIFIER
###  Restored tree:
PLSQL:ERROR_TOKEN_A
  PLSQL:SELECT_EXPRESSION
  PLSQL:IDENTIFIER

Time spent: 1
---  select * from (select a, <caret>)
FILE
  PLSQL:SELECT_EXPRESSION
    PLSQL:SELECT
    PLSQL:ASTERISK_COLUMN
      PLSQL:ASTERISK
    PLSQL:TABLE_REFERENCE_LIST_FROM
      PLSQL:FROM
      PLSQL:FROM_SUBQUERY
        PLSQL:ERROR_TOKEN_A
          PLSQL:OPEN_PAREN
          PLSQL:ERROR_TOKEN_A
            PLSQL:SELECT
            PLSQL:EXPR_COLUMN
              PLSQL:VAR_REF
                PLSQL:NAME_FRAGMENT
                  PLSQL:IDENTIFIER
            PLSQL:COMMA
            PLSQL:ERROR_TOKEN_A
              PLSQL:IDENTIFIER
              PLSQL:CLOSE_PAREN
###  Restored tree:
PLSQL:SELECT_EXPRESSION
  PLSQL:SELECT
  PLSQL:ASTERISK_COLUMN
  PLSQL:TABLE_REFERENCE_LIST_FROM
    PLSQL:FROM
    PLSQL:FROM_SUBQUERY
      PLSQL:ERROR_TOKEN_A
        PLSQL:OPEN_PAREN
        PLSQL:ERROR_TOKEN_A
          PLSQL:SELECT
          PLSQL:EXPR_COLUMN
          PLSQL:COMMA
          PLSQL:ERROR_TOKEN_A
            PLSQL:IDENTIFIER

Time spent: 3
---  select (a+8)/sum(id), <caret>
FILE
  PLSQL:ERROR_TOKEN_A
    PLSQL:SELECT
    PLSQL:EXPR_COLUMN
      PLSQL:ARITHMETIC_EXPR
        PLSQL:PARENTHESIZED_EXPR
          PLSQL:OPEN_PAREN
          PLSQL:ARITHMETIC_EXPR
            PLSQL:VAR_REF
              PLSQL:NAME_FRAGMENT
                PLSQL:IDENTIFIER
            PLSQL:PLUS
            PLSQL:NUMERIC_LITERAL
              PLSQL:NUMBER
          PLSQL:CLOSE_PAREN
        PLSQL:DIVIDE
        PLSQL:FUNCTION_CALL
          PLSQL:CALLABLE_NAME_REF
            PLSQL:EXEC_NAME_REF
              PLSQL:IDENTIFIER
          PLSQL:CALL_ARGUMENT_LIST
            PLSQL:OPEN_PAREN
            PLSQL:CALL_ARGUMENT
              PLSQL:VAR_REF
                PLSQL:NAME_FRAGMENT
                  PLSQL:ID
            PLSQL:CLOSE_PAREN
    PLSQL:COMMA
    PLSQL:ERROR_TOKEN_A
      PLSQL:IDENTIFIER
###  Restored tree:
PLSQL:ERROR_TOKEN_A
  PLSQL:SELECT
  PLSQL:EXPR_COLUMN
  PLSQL:COMMA
  PLSQL:ERROR_TOKEN_A
    PLSQL:IDENTIFIER

Time spent: 0
---  select (a+8)/sum(id), pop from tab1 <caret>
FILE
  PLSQL:SELECT_EXPRESSION
    PLSQL:SELECT
    PLSQL:EXPR_COLUMN
      PLSQL:ARITHMETIC_EXPR
        PLSQL:PARENTHESIZED_EXPR
          PLSQL:OPEN_PAREN
          PLSQL:ARITHMETIC_EXPR
            PLSQL:VAR_REF
              PLSQL:NAME_FRAGMENT
                PLSQL:IDENTIFIER
            PLSQL:PLUS
            PLSQL:NUMERIC_LITERAL
              PLSQL:NUMBER
          PLSQL:CLOSE_PAREN
        PLSQL:DIVIDE
        PLSQL:FUNCTION_CALL
          PLSQL:CALLABLE_NAME_REF
            PLSQL:EXEC_NAME_REF
              PLSQL:IDENTIFIER
          PLSQL:CALL_ARGUMENT_LIST
            PLSQL:OPEN_PAREN
            PLSQL:CALL_ARGUMENT
              PLSQL:VAR_REF
                PLSQL:NAME_FRAGMENT
                  PLSQL:ID
            PLSQL:CLOSE_PAREN
    PLSQL:COMMA
    PLSQL:EXPR_COLUMN
      PLSQL:VAR_REF
        PLSQL:NAME_FRAGMENT
          PLSQL:IDENTIFIER
    PLSQL:TABLE_REFERENCE_LIST_FROM
      PLSQL:FROM
      PLSQL:TABLE_ALIAS
        PLSQL:TABLE_REF
          PLSQL:IDENTIFIER
        PLSQL:ALIAS_NAME
          PLSQL:ALIAS_IDENT
            PLSQL:IDENTIFIER
###  Restored tree:
PLSQL:SELECT_EXPRESSION
  PLSQL:SELECT
  PLSQL:EXPR_COLUMN
  PLSQL:COMMA
  PLSQL:EXPR_COLUMN
  PLSQL:TABLE_REFERENCE_LIST_FROM
    PLSQL:FROM
    PLSQL:TABLE_ALIAS
      PLSQL:TABLE_REF
      PLSQL:ALIAS_NAME
        PLSQL:ALIAS_IDENT
          PLSQL:IDENTIFIER

Time spent: 1
---  select (a+8)/sum(id), pop from tab1 order <caret>
FILE
  PLSQL:SELECT_EXPRESSION
    PLSQL:SELECT
    PLSQL:EXPR_COLUMN
      PLSQL:ARITHMETIC_EXPR
        PLSQL:PARENTHESIZED_EXPR
          PLSQL:OPEN_PAREN
          PLSQL:ARITHMETIC_EXPR
            PLSQL:VAR_REF
              PLSQL:NAME_FRAGMENT
                PLSQL:IDENTIFIER
            PLSQL:PLUS
            PLSQL:NUMERIC_LITERAL
              PLSQL:NUMBER
          PLSQL:CLOSE_PAREN
        PLSQL:DIVIDE
        PLSQL:FUNCTION_CALL
          PLSQL:CALLABLE_NAME_REF
            PLSQL:EXEC_NAME_REF
              PLSQL:IDENTIFIER
          PLSQL:CALL_ARGUMENT_LIST
            PLSQL:OPEN_PAREN
            PLSQL:CALL_ARGUMENT
              PLSQL:VAR_REF
                PLSQL:NAME_FRAGMENT
                  PLSQL:ID
            PLSQL:CLOSE_PAREN
    PLSQL:COMMA
    PLSQL:EXPR_COLUMN
      PLSQL:VAR_REF
        PLSQL:NAME_FRAGMENT
          PLSQL:IDENTIFIER
    PLSQL:TABLE_REFERENCE_LIST_FROM
      PLSQL:FROM
      PLSQL:TABLE_ALIAS
        PLSQL:TABLE_REF
          PLSQL:IDENTIFIER
    PLSQL:ERROR_TOKEN_A
      PLSQL:ORDER
      PLSQL:IDENTIFIER
###  Restored tree:
PLSQL:SELECT_EXPRESSION
  PLSQL:SELECT
  PLSQL:EXPR_COLUMN
  PLSQL:COMMA
  PLSQL:EXPR_COLUMN
  PLSQL:TABLE_REFERENCE_LIST_FROM
  PLSQL:ERROR_TOKEN_A
    PLSQL:ORDER
    PLSQL:IDENTIFIER

Time spent: 0
---  select (a+8)/sum(id), pop from tab1 where k = 1 order <caret>
FILE
  PLSQL:SELECT_EXPRESSION
    PLSQL:SELECT
    PLSQL:EXPR_COLUMN
      PLSQL:ARITHMETIC_EXPR
        PLSQL:PARENTHESIZED_EXPR
          PLSQL:OPEN_PAREN
          PLSQL:ARITHMETIC_EXPR
            PLSQL:VAR_REF
              PLSQL:NAME_FRAGMENT
                PLSQL:IDENTIFIER
            PLSQL:PLUS
            PLSQL:NUMERIC_LITERAL
              PLSQL:NUMBER
          PLSQL:CLOSE_PAREN
        PLSQL:DIVIDE
        PLSQL:FUNCTION_CALL
          PLSQL:CALLABLE_NAME_REF
            PLSQL:EXEC_NAME_REF
              PLSQL:IDENTIFIER
          PLSQL:CALL_ARGUMENT_LIST
            PLSQL:OPEN_PAREN
            PLSQL:CALL_ARGUMENT
              PLSQL:VAR_REF
                PLSQL:NAME_FRAGMENT
                  PLSQL:ID
            PLSQL:CLOSE_PAREN
    PLSQL:COMMA
    PLSQL:EXPR_COLUMN
      PLSQL:VAR_REF
        PLSQL:NAME_FRAGMENT
          PLSQL:IDENTIFIER
    PLSQL:TABLE_REFERENCE_LIST_FROM
      PLSQL:FROM
      PLSQL:TABLE_ALIAS
        PLSQL:TABLE_REF
          PLSQL:IDENTIFIER
    PLSQL:WHERE_CONDITION
      PLSQL:WHERE
      PLSQL:RELATION_CONDITION
        PLSQL:VAR_REF
          PLSQL:NAME_FRAGMENT
            PLSQL:IDENTIFIER
        PLSQL:RELATION_OP
          PLSQL:EQ
        PLSQL:NUMERIC_LITERAL
          PLSQL:NUMBER
    PLSQL:ERROR_TOKEN_A
      PLSQL:ORDER
      PLSQL:IDENTIFIER
###  Restored tree:
PLSQL:SELECT_EXPRESSION
  PLSQL:SELECT
  PLSQL:EXPR_COLUMN
  PLSQL:COMMA
  PLSQL:EXPR_COLUMN
  PLSQL:TABLE_REFERENCE_LIST_FROM
  PLSQL:WHERE_CONDITION
  PLSQL:ERROR_TOKEN_A
    PLSQL:ORDER
    PLSQL:IDENTIFIER

Time spent: 1
---  select (a+8)/sum(id), pop from tab1 order by <caret>
FILE
  PLSQL:SELECT_EXPRESSION
    PLSQL:SELECT
    PLSQL:EXPR_COLUMN
      PLSQL:ARITHMETIC_EXPR
        PLSQL:PARENTHESIZED_EXPR
          PLSQL:OPEN_PAREN
          PLSQL:ARITHMETIC_EXPR
            PLSQL:VAR_REF
              PLSQL:NAME_FRAGMENT
                PLSQL:IDENTIFIER
            PLSQL:PLUS
            PLSQL:NUMERIC_LITERAL
              PLSQL:NUMBER
          PLSQL:CLOSE_PAREN
        PLSQL:DIVIDE
        PLSQL:FUNCTION_CALL
          PLSQL:CALLABLE_NAME_REF
            PLSQL:EXEC_NAME_REF
              PLSQL:IDENTIFIER
          PLSQL:CALL_ARGUMENT_LIST
            PLSQL:OPEN_PAREN
            PLSQL:CALL_ARGUMENT
              PLSQL:VAR_REF
                PLSQL:NAME_FRAGMENT
                  PLSQL:ID
            PLSQL:CLOSE_PAREN
    PLSQL:COMMA
    PLSQL:EXPR_COLUMN
      PLSQL:VAR_REF
        PLSQL:NAME_FRAGMENT
          PLSQL:IDENTIFIER
    PLSQL:TABLE_REFERENCE_LIST_FROM
      PLSQL:FROM
      PLSQL:TABLE_ALIAS
        PLSQL:TABLE_REF
          PLSQL:IDENTIFIER
    PLSQL:ORDER_CLAUSE
      PLSQL:ORDER
      PLSQL:BY
      PLSQL:SORTED_DEF
        PLSQL:VAR_REF
          PLSQL:NAME_FRAGMENT
            PLSQL:IDENTIFIER
###  Restored tree:
PLSQL:SELECT_EXPRESSION
  PLSQL:SELECT
  PLSQL:EXPR_COLUMN
  PLSQL:COMMA
  PLSQL:EXPR_COLUMN
  PLSQL:TABLE_REFERENCE_LIST_FROM
  PLSQL:ORDER_CLAUSE
    PLSQL:ORDER
    PLSQL:BY
    PLSQL:SORTED_DEF
      PLSQL:VAR_REF
        PLSQL:NAME_FRAGMENT
          PLSQL:IDENTIFIER

Time spent: 6
---  select pop from tab1 group <caret>
FILE
  PLSQL:SELECT_EXPRESSION
    PLSQL:SELECT
    PLSQL:EXPR_COLUMN
      PLSQL:VAR_REF
        PLSQL:NAME_FRAGMENT
          PLSQL:IDENTIFIER
    PLSQL:TABLE_REFERENCE_LIST_FROM
      PLSQL:FROM
      PLSQL:TABLE_ALIAS
        PLSQL:TABLE_REF
          PLSQL:IDENTIFIER
    PLSQL:ERROR_TOKEN_A
      PLSQL:GROUP
      PLSQL:IDENTIFIER
###  Restored tree:
PLSQL:SELECT_EXPRESSION
  PLSQL:SELECT
  PLSQL:EXPR_COLUMN
  PLSQL:TABLE_REFERENCE_LIST_FROM
  PLSQL:ERROR_TOKEN_A
    PLSQL:GROUP
    PLSQL:IDENTIFIER

Time spent: 1
---  select pop from tab1 group by <caret>
FILE
  PLSQL:SELECT_EXPRESSION
    PLSQL:SELECT
    PLSQL:EXPR_COLUMN
      PLSQL:VAR_REF
        PLSQL:NAME_FRAGMENT
          PLSQL:IDENTIFIER
    PLSQL:TABLE_REFERENCE_LIST_FROM
      PLSQL:FROM
      PLSQL:TABLE_ALIAS
        PLSQL:TABLE_REF
          PLSQL:IDENTIFIER
    PLSQL:GROUP_CLAUSE
      PLSQL:GROUP
      PLSQL:BY
      PLSQL:VAR_REF
        PLSQL:NAME_FRAGMENT
          PLSQL:IDENTIFIER
###  Restored tree:
PLSQL:SELECT_EXPRESSION
  PLSQL:SELECT
  PLSQL:EXPR_COLUMN
  PLSQL:TABLE_REFERENCE_LIST_FROM
  PLSQL:GROUP_CLAUSE
    PLSQL:GROUP
    PLSQL:BY
    PLSQL:VAR_REF
      PLSQL:NAME_FRAGMENT
        PLSQL:IDENTIFIER

Time spent: 1
Tests run: 41, Failures: 2, Errors: 0, Skipped: 0, Time elapsed: 0.319 sec <<< FAILURE!

Results :

Failed tests:   test4_21(com.deepsky.lang.plsql.completion.DeleteStmtProcessorTest): expected:<...AND / #DELETE #FROM [2#TABLE_ALIAS / #TABLE_REF #ALIAS_NAME // 3]#C_MARKER> but was:<...AND / #DELETE #FROM [TableAlias / #TABLE_REF #ALIAS_NAME // 2]#C_MARKER>
  test6_1(com.deepsky.lang.plsql.completion.syntaxTreePath.generator.SyntaxTreePathParserTest): expected:<...ERE_CONDITION // .. [!#SUBQUERY_EXPR ]#VAR_REF / .. 3$Name...> but was:<...ERE_CONDITION // .. []#VAR_REF / .. 3$Name...>
  test6_2(com.deepsky.lang.plsql.completion.syntaxTreePath.generator.SyntaxTreePathParserTest): expected:<...ERE_CONDITION // .. [!#SUBQUERY_EXPR ]#VAR_REF / .. 3$Name...> but was:<...ERE_CONDITION // .. []#VAR_REF / .. 3$Name...>

Tests run: 82, Failures: 3, Errors: 0, Skipped: 0

[INFO] ------------------------------------------------------------------------
[ERROR] BUILD FAILURE
[INFO] ------------------------------------------------------------------------
[INFO] There are test failures.

Please refer to /home/sky/GitHub/code-assistant-linux-v12/completion/target/surefire-reports for the individual test results.
[INFO] ------------------------------------------------------------------------
[INFO] For more information, run Maven with the -e switch
[INFO] ------------------------------------------------------------------------
[INFO] Total time: 11 seconds
[INFO] Finished at: Sat Feb 08 21:42:59 EET 2014
[INFO] Final Memory: 39M/238M
[INFO] ------------------------------------------------------------------------
